[innoculusteam.wordpress.com/index.html]
[backblue.gif]
[fade.gif]
[index.html]
[s0.wp.com/wp-content/mu-plugins/global-print/global-print6805.css]
[innoculusteam.wordpress.com/xmlrpc0db0.php]
[innoculusteam.wordpress.com/feed/index.html]
[innoculusteam.wordpress.com/comments/feed/index.html]
[innoculusteam.wordpress.com/osd.xml]
[innoculusteam.files.wordpress.com/2017/02/cropped-innoculus-icon76ca.png]
[innoculusteam.files.wordpress.com/2017/02/cropped-innoculus-icon9939.png]
[innoculusteam.files.wordpress.com/2017/02/cropped-innoculus-iconad83.png]
[0.gravatar.com/js/gprofilesd732.js]
[s1.wp.com/wp-content/mu-plugins/gravatar-hovercards/wpgrohoc3b6.js]
[innoculusteam.wordpress.com/about/index.html]
[innoculusteam.wordpress.com/contact/index.html]
[innoculusteam.wordpress.com/blog/index.html]
[innoculusteam.wordpress.com/wp-content/plugins/ie-sitemode/custom-jumplist.php]
[innoculusteam.wordpress.com/portfolio/project-001-world-domination/index.html]
[stats.wp.com/w9f61.js]
[s.skimresources.com/js/725X1342.skimlinks.js]
[pixel.wp.com/b0b80.gif]
[innoculusteam.wordpress.com/index.html]
[innoculusteam.wordpress.com/xmlrpc.php]
[s0.wp.com/wp-content/mu-plugins/global-print/global-print6805.css]
[innoculusteam.wordpress.com/about/index.html]
[innoculusteam.wordpress.com/contact/index.html]
[s0.wp.com/wp-content/mu-plugins/grunion-contact-form/css/grunion3601.css]
[s0.wp.com/_static/index397e.html]
[innoculusteam.files.wordpress.com/2017/02/alternate-sidebar18140.jpg]
[innoculusteam.wordpress.com/blog/index.html]
[s1.wp.com/wp-content/mu-plugins/highlander-comments/style0196.css]
[innoculusteam.wordpress.com/2017/02/11/firstpost/index.html]
[innoculusteam.wordpress.com/author/vancratt/index.html]
[innoculusteam.wordpress.com/portfolio/project-001-world-domination/index.html]
[s1.wp.com/wp-content/mu-plugins/akismet-3.0/_inc/formcd10.js]
[s2.wp.com/_static/index1575.html]
[pixel.wp.com/g9818.gif]
[0.gravatar.com/js/gprofilesd732.js]
[s1.wp.com/wp-content/mu-plugins/gravatar-hovercards/wpgrohoc3b6.js]
[innoculusteam.wordpress.com/ABCDEFGHIJKLMNOPQRSTUVWXYZabcdefghijklmnopqrstuvwxyz0123456789+/index.html]
[innoculusteam.wordpress.com/portfolio/project-001-world-domination/feed/index.html]
[pixel.wp.com/t.gif]
[stats.wp.com/w9f61.js]
[s0.wp.com/wp-content/mu-plugins/grunion-contact-form/css/grunion3601.css]
[s0.wp.com/_static/index397e.html]
[innoculusteam.wordpress.com/2017/02/11/firstpost/feed/index.html]
[innoculusteam.files.wordpress.com/2017/02/alternate-sidebar1996c.jpg]
[innoculusteam.wordpress.com/tag/introduction/index.html]
[innoculusteam.files.wordpress.com/2017/02/homepage11e2a9.jpg]
[innoculusteam.wordpress.com/2017/02/11/firstpost/index.html]
[innoculusteam.wordpress.com/author/vancratt/index.html]
[s1.wp.com/wp-content/mu-plugins/carousel/jetpack-carouselaccd.css]
[s1.wp.com/wp-content/mu-plugins/post-flair/sharing/images/icon-wordpress.png]
[innoculusteam.wordpress.com/author/vancratt/feed/index.html]
[s1.wp.com/wp-content/mu-plugins/post-flair/sharing/images/icon-twitter.png]
[s1.wp.com/wp-content/mu-plugins/post-flair/sharing/images/icon-facebook.png]
[s1.wp.com/wp-content/mu-plugins/post-flair/sharing/images/googleplus1.png]
[s1.wp.com/wp-content/mu-plugins/post-flair/sharing/images/icon-wordpress-2x.png]
[s1.wp.com/wp-content/mu-plugins/post-flair/sharing/images/icon-twitter-2x.png]
[s1.wp.com/wp-content/mu-plugins/post-flair/sharing/images/icon-facebook-2x.png]
[s1.wp.com/wp-content/mu-plugins/post-flair/sharing/images/googleplus1@2x.png]
[s1.wp.com/wp-content/mu-plugins/highlander-comments/images/postto-buttons.png]
[s1.wp.com/wp-content/mu-plugins/highlander-comments/images/button-back.gif]
[s1.wp.com/wp-content/mu-plugins/highlander-comments/images/button-back-over.gif]
[s1.wp.com/wp-content/mu-plugins/highlander-comments/images/loader.gif]
[s1.wp.com/wp-content/mu-plugins/highlander-comments/style0196.css]
[s2.wp.com/_static/index1575.html]
[s1.wp.com/wp-content/mu-plugins/akismet-3.0/_inc/formcd10.js]
[innoculusteam.wordpress.com/ABCDEFGHIJKLMNOPQRSTUVWXYZabcdefghijklmnopqrstuvwxyz0123456789+/index.html]
[innoculusteam.wordpress.com/g.html]
[innoculusteam.wordpress.com/c.html]
[innoculusteam.wordpress.com/tag/introduction/index.html]
[s1.wp.com/wp-content/mu-plugins/carousel/images/arrows.png]
[innoculusteam.wordpress.com/tag/introduction/feed/index.html]
[s1.wp.com/wp-content/mu-plugins/carousel/images/arrows-2x.png]
[s1.wp.com/wp-content/mu-plugins/carousel/images/carousel-spritee4da.png]
[s1.wp.com/wp-content/mu-plugins/carousel/images/carousel-sprite-2xe4da.png]
[s1.wp.com/wp-content/mu-plugins/carousel/jetpack-carouselaccd.css]
